SYS@PROD2> show all
appinfo is OFF and set to "SQL*Plus"
arraysize 15
autocommit OFF
autoprint OFF
autorecovery OFF
autotrace OFF
blockterminator "." (hex 2e)
btitle OFF and is the first few characters of the next SELECT statement
cmdsep OFF
colsep " "
compatibility version NATIVE
concat "." (hex 2e)
copycommit 0
COPYTYPECHECK is ON
define "&" (hex 26)
describe DEPTH 1 LINENUM OFF INDENT ON
echo OFF
editfile "afiedt.buf"
embedded OFF
escape OFF
FEEDBACK ON for 6 or more rows
flagger OFF
flush ON
heading ON
headsep "|" (hex 7c)
instance "local"
linesize 120
lno 9
loboffset 1
logsource ""
long 5000
longchunksize 80
markup HTML OFF HEAD "<style type='text/css'> body {font:10pt Arial,Helvetica,sans-serif; color:black; background:White;} p {font:10pt Arial,Helvetica,sans-serif; color:black; background:White;} table,tr,td {font:10pt Arial,Helvetica,sans-serif; color:Black; background:#f7f7e7; padding:0px 0px 0px 0px; margin:0px 0px 0px 0px;} th {font:bold 10pt Arial,Helvetica,sans-serif; color:#336699; background:#cccc99; padding:0px 0px 0px 0px;} h1 {font:16pt Arial,Helvetica,Geneva,sans-serif; color:#336699; background-color:White; border-bottom:1px solid #cccc99; margin-top:0pt; margin-bottom:0pt; padding:0px 0px 0px 0px;} h2 {font:bold 10pt Arial,Helvetica,Geneva,sans-serif; color:#336699; background-color:White; margin-top:4pt; margin-bottom:0pt;} a {font:9pt Arial,Helvetica,sans-serif; color:#663300; background:#ffffff; margin-top:0pt; margin-bottom:0pt; vertical-align:top;}</style><title>SQL*Plus Report</title>" BODY "" TABLE "border='1' width='90%' align='center' summary='Script output'" SPOOL OFF ENTMAP ON PREFORMAT OFF
newpage 1
null ""
numformat ""
numwidth 10
pagesize 20
PAUSE is ON and set to ""
pno 1
recsep WRAP
recsepchar " " (hex 20)
release 902000500
repfooter OFF and is NULL
repheader OFF and is NULL
serveroutput ON size 1000000 format WORD_WRAPPED
shiftinout INVISIBLE
showmode OFF
spool ON
sqlblanklines OFF
sqlcase MIXED
sqlcode 0
sqlcontinue "> "
sqlnumber ON
sqlpluscompatibility 8.1.7
sqlprefix "#" (hex 23)
sqlprompt "SYS@PROD2> "
sqlterminator ";" (hex 3b)
suffix "sql"
tab ON
termout ON
time OFF
timing OFF
trimout ON
trimspool OFF
ttitle OFF and is the first few characters of the next SELECT statement
underline "-" (hex 2d)
USER is "SYS"
verify ON
wrap : lines will be wrapped
SYS@PROD2> spool off;
